<?xml version="1.0" encoding="UTF-8"?>
<testng-results skipped="0" failed="0" total="1" passed="1">
  <reporter-output>
  </reporter-output>
  <suite name="Default suite" duration-ms="1182" started-at="2016-05-03T13:12:40Z" finished-at="2016-05-03T13:12:41Z">
    <groups>
    </groups>
    <test name="Default test" duration-ms="1182" started-at="2016-05-03T13:12:40Z" finished-at="2016-05-03T13:12:41Z">
      <class name="de.haw.practice2.practice.test.Practice2MainTest">
        <test-method status="PASS" signature="practiceMainTest()[pri:0, instance:de.haw.practice2.practice.test.Practice2MainTest@71c7db30]" name="practiceMainTest" duration-ms="1163" started-at="2016-05-03T15:12:40Z" finished-at="2016-05-03T15:12:41Z">
          <reporter-output>
          </reporter-output>
        </test-method> <!-- practiceMainTest -->
      </class> <!-- de.haw.practice2.practice.test.Practice2MainTest -->
    </test> <!-- Default test -->
  </suite> <!-- Default suite -->
</testng-results>
