<?xml version="1.0" encoding="UTF-8"?>
<testng-results skipped="0" failed="0" total="1" passed="1">
  <reporter-output>
  </reporter-output>
  <suite name="Default suite" duration-ms="931" started-at="2016-04-12T12:37:06Z" finished-at="2016-04-12T12:37:07Z">
    <groups>
    </groups>
    <test name="Default test" duration-ms="931" started-at="2016-04-12T12:37:06Z" finished-at="2016-04-12T12:37:07Z">
      <class name="de.haw.part2.test.RDFStatementTest">
        <test-method status="PASS" signature="createStatement()[pri:0, instance:de.haw.part2.test.RDFStatementTest@71c7db30]" name="createStatement" duration-ms="917" started-at="2016-04-12T14:37:06Z" finished-at="2016-04-12T14:37:07Z">
          <reporter-output>
          </reporter-output>
        </test-method> <!-- createStatement -->
      </class> <!-- de.haw.part2.test.RDFStatementTest -->
    </test> <!-- Default test -->
  </suite> <!-- Default suite -->
</testng-results>
