<?xml version="1.0" encoding="UTF-8"?>
<testng-results skipped="0" failed="0" total="1" passed="1">
  <reporter-output>
  </reporter-output>
  <suite name="Default suite" duration-ms="869" started-at="2016-04-12T14:02:09Z" finished-at="2016-04-12T14:02:09Z">
    <groups>
    </groups>
    <test name="Default test" duration-ms="869" started-at="2016-04-12T14:02:09Z" finished-at="2016-04-12T14:02:09Z">
      <class name="de.haw.part2.test.RDFStatementTest">
        <test-method status="PASS" signature="readRDFFile()[pri:0, instance:de.haw.part2.test.RDFStatementTest@71c7db30]" name="readRDFFile" duration-ms="853" started-at="2016-04-12T16:02:09Z" finished-at="2016-04-12T16:02:09Z">
          <reporter-output>
          </reporter-output>
        </test-method> <!-- readRDFFile -->
      </class> <!-- de.haw.part2.test.RDFStatementTest -->
    </test> <!-- Default test -->
  </suite> <!-- Default suite -->
</testng-results>
